<?xml version="1.0" encoding="UTF-8"?>
<!-- Generated by org.testng.reporters.JUnitReportReporter -->
<testsuite hostname="DESKTOP-720IL86" failures="0" tests="1" name="com.zoho.testscript.DemoRepository" time="0.017" errors="0" timestamp="2023-04-28T08:33:54 IST" skipped="0">
  <testcase classname="com.zoho.testscript.DemoRepository" name="Repository" time="0.017"/>
  <system-out>
    <![CDATA[welcome to github]]>
  </system-out>
</testsuite> <!-- com.zoho.testscript.DemoRepository -->
